# JRE version: OpenJDK Runtime Environment (8.0_152-b01) (build 1.8.0_152-release-1024-b01)
# Java VM: OpenJDK 64-Bit Server VM (25.152-b01 mixed mode linux-amd64 compressed oops)
Heap:
 PSYoungGen      total 481792K, used 332721K [0x00000000e0000000, 0x0000000100000000, 0x0000000100000000)
  eden space 455680K, 67% used [0x00000000e0000000,0x00000000f2b9f520,0x00000000fbd00000)
  from space 26112K, 99% used [0x00000000fbd00000,0x00000000fd64d0f8,0x00000000fd680000)
  to   space 36864K, 0% used [0x00000000fdc00000,0x00000000fdc00000,0x0000000100000000)
 ParOldGen       total 118784K, used 49659K [0x00000000a0000000, 0x00000000a7400000, 0x00000000e0000000)
  object space 118784K, 41% used [0x00000000a0000000,0x00000000a307ed40,0x00000000a7400000)
 Metaspace       used 83632K, capacity 88162K, committed 88340K, reserved 1126400K
  class space    used 10859K, capacity 11784K, committed 11836K, reserved 1048576K
GC Heap History (10 events):
Event: 15.411 GC heap before
{Heap before GC invocations=18 (full 3):
 PSYoungGen      total 491520K, used 465875K [0x00000000e0000000, 0x00000000fff80000, 0x0000000100000000)
  eden space 460288K, 100% used [0x00000000e0000000,0x00000000fc180000,0x00000000fc180000)
  from space 31232K, 17% used [0x00000000fe100000,0x00000000fe674da8,0x00000000fff80000)
  to   space 31744K, 0% used [0x00000000fc180000,0x00000000fc180000,0x00000000fe080000)
 ParOldGen       total 118784K, used 48273K [0x00000000a0000000, 0x00000000a7400000, 0x00000000e0000000)
  object space 118784K, 40% used [0x00000000a0000000,0x00000000a2f247e0,0x00000000a7400000)
 Metaspace       used 71959K, capacity 74722K, committed 74900K, reserved 1114112K
  class space    used 9492K, capacity 10084K, committed 10172K, reserved 1048576K
Event: 15.422 GC heap after
Heap after GC invocations=18 (full 3):
 PSYoungGen      total 470528K, used 10207K [0x00000000e0000000, 0x00000000ffd80000, 0x0000000100000000)
  eden space 460288K, 0% used [0x00000000e0000000,0x00000000e0000000,0x00000000fc180000)
  from space 10240K, 99% used [0x00000000fc180000,0x00000000fcb77c90,0x00000000fcb80000)
  to   space 30208K, 0% used [0x00000000fe000000,0x00000000fe000000,0x00000000ffd80000)
 ParOldGen       total 118784K, used 48409K [0x00000000a0000000, 0x00000000a7400000, 0x00000000e0000000)
  object space 118784K, 40% used [0x00000000a0000000,0x00000000a2f467e0,0x00000000a7400000)
 Metaspace       used 71959K, capacity 74722K, committed 74900K, reserved 1114112K
  class space    used 9492K, capacity 10084K, committed 10172K, reserved 1048576K
}
Event: 16.707 GC heap before
{Heap before GC invocations=19 (full 3):
 PSYoungGen      total 470528K, used 470495K [0x00000000e0000000, 0x00000000ffd80000, 0x0000000100000000)
  eden space 460288K, 100% used [0x00000000e0000000,0x00000000fc180000,0x00000000fc180000)
  from space 10240K, 99% used [0x00000000fc180000,0x00000000fcb77c90,0x00000000fcb80000)
  to   space 30208K, 0% used [0x00000000fe000000,0x00000000fe000000,0x00000000ffd80000)
 ParOldGen       total 118784K, used 48409K [0x00000000a0000000, 0x00000000a7400000, 0x00000000e0000000)
  object space 118784K, 40% used [0x00000000a0000000,0x00000000a2f467e0,0x00000000a7400000)
 Metaspace       used 72912K, capacity 75830K, committed 76052K, reserved 1116160K
  class space    used 9557K, capacity 10178K, committed 10300K, reserved 1048576K
Event: 16.726 GC heap after
Heap after GC invocations=19 (full 3):
 PSYoungGen      total 488960K, used 24390K [0x00000000e0000000, 0x0000000100000000, 0x0000000100000000)
  eden space 458752K, 0% used [0x00000000e0000000,0x00000000e0000000,0x00000000fc000000)
  from space 30208K, 80% used [0x00000000fe000000,0x00000000ff7d1b68,0x00000000ffd80000)
  to   space 32768K, 0% used [0x00000000fc000000,0x00000000fc000000,0x00000000fe000000)
 ParOldGen       total 118784K, used 48449K [0x00000000a0000000, 0x00000000a7400000, 0x00000000e0000000)
  object space 118784K, 40% used [0x00000000a0000000,0x00000000a2f507e0,0x00000000a7400000)
 Metaspace       used 72912K, capacity 75830K, committed 76052K, reserved 1116160K
  class space    used 9557K, capacity 10178K, committed 10300K, reserved 1048576K
}
Event: 18.055 GC heap before
{Heap before GC invocations=20 (full 3):
 PSYoungGen      total 488960K, used 482600K [0x00000000e0000000, 0x0000000100000000, 0x0000000100000000)
  eden space 458752K, 99% used [0x00000000e0000000,0x00000000fbf787a0,0x00000000fc000000)
  from space 30208K, 80% used [0x00000000fe000000,0x00000000ff7d1b68,0x00000000ffd80000)
  to   space 32768K, 0% used [0x00000000fc000000,0x00000000fc000000,0x00000000fe000000)
 ParOldGen       total 118784K, used 48449K [0x00000000a0000000, 0x00000000a7400000, 0x00000000e0000000)
  object space 118784K, 40% used [0x00000000a0000000,0x00000000a2f507e0,0x00000000a7400000)
 Metaspace       used 74419K, capacity 77620K, committed 77844K, reserved 1116160K
  class space    used 9771K, capacity 10431K, committed 10556K, reserved 1048576K
Event: 18.067 GC heap after
Heap after GC invocations=20 (full 3):
 PSYoungGen      total 491520K, used 5528K [0x00000000e0000000, 0x0000000100000000, 0x0000000100000000)
  eden space 458752K, 0% used [0x00000000e0000000,0x00000000e0000000,0x00000000fc000000)
  from space 32768K, 16% used [0x00000000fc000000,0x00000000fc5660b8,0x00000000fe000000)
  to   space 32256K, 0% used [0x00000000fe080000,0x00000000fe080000,0x0000000100000000)
 ParOldGen       total 118784K, used 48857K [0x00000000a0000000, 0x00000000a7400000, 0x00000000e0000000)
  object space 118784K, 41% used [0x00000000a0000000,0x00000000a2fb67e0,0x00000000a7400000)
 Metaspace       used 74419K, capacity 77620K, committed 77844K, reserved 1116160K
  class space    used 9771K, capacity 10431K, committed 10556K, reserved 1048576K
}
Event: 1284.206 GC heap before
{Heap before GC invocations=21 (full 3):
 PSYoungGen      total 491520K, used 464280K [0x00000000e0000000, 0x0000000100000000, 0x0000000100000000)
  eden space 458752K, 100% used [0x00000000e0000000,0x00000000fc000000,0x00000000fc000000)
  from space 32768K, 16% used [0x00000000fc000000,0x00000000fc5660b8,0x00000000fe000000)
  to   space 32256K, 0% used [0x00000000fe080000,0x00000000fe080000,0x0000000100000000)
 ParOldGen       total 118784K, used 48857K [0x00000000a0000000, 0x00000000a7400000, 0x00000000e0000000)
  object space 118784K, 41% used [0x00000000a0000000,0x00000000a2fb67e0,0x00000000a7400000)
 Metaspace       used 80811K, capacity 84544K, committed 84628K, reserved 1122304K
  class space    used 10538K, capacity 11377K, committed 11452K, reserved 1048576K
Event: 1284.243 GC heap after
Heap after GC invocations=21 (full 3):
 PSYoungGen      total 487936K, used 23651K [0x00000000e0000000, 0x0000000100000000, 0x0000000100000000)
  eden space 455680K, 0% used [0x00000000e0000000,0x00000000e0000000,0x00000000fbd00000)
  from space 32256K, 73% used [0x00000000fe080000,0x00000000ff798d80,0x0000000100000000)
  to   space 34304K, 0% used [0x00000000fbd00000,0x00000000fbd00000,0x00000000fde80000)
 ParOldGen       total 118784K, used 49651K [0x00000000a0000000, 0x00000000a7400000, 0x00000000e0000000)
  object space 118784K, 41% used [0x00000000a0000000,0x00000000a307cd40,0x00000000a7400000)
 Metaspace       used 80811K, capacity 84544K, committed 84628K, reserved 1122304K
  class space    used 10538K, capacity 11377K, committed 11452K, reserved 1048576K
}
Event: 1319.101 GC heap before
{Heap before GC invocations=22 (full 3):
 PSYoungGen      total 487936K, used 479331K [0x00000000e0000000, 0x0000000100000000, 0x0000000100000000)
  eden space 455680K, 100% used [0x00000000e0000000,0x00000000fbd00000,0x00000000fbd00000)
  from space 32256K, 73% used [0x00000000fe080000,0x00000000ff798d80,0x0000000100000000)
  to   space 34304K, 0% used [0x00000000fbd00000,0x00000000fbd00000,0x00000000fde80000)
 ParOldGen       total 118784K, used 49651K [0x00000000a0000000, 0x00000000a7400000, 0x00000000e0000000)
  object space 118784K, 41% used [0x00000000a0000000,0x00000000a307cd40,0x00000000a7400000)
 Metaspace       used 83494K, capacity 87936K, committed 88084K, reserved 1126400K
  class space    used 10856K, capacity 11779K, committed 11836K, reserved 1048576K
Event: 1319.127 GC heap after
Heap after GC invocations=22 (full 3):
 PSYoungGen      total 481792K, used 25908K [0x00000000e0000000, 0x0000000100000000, 0x0000000100000000)
  eden space 455680K, 0% used [0x00000000e0000000,0x00000000e0000000,0x00000000fbd00000)
  from space 26112K, 99% used [0x00000000fbd00000,0x00000000fd64d0f8,0x00000000fd680000)
  to   space 36864K, 0% used [0x00000000fdc00000,0x00000000fdc00000,0x0000000100000000)
 ParOldGen       total 118784K, used 49659K [0x00000000a0000000, 0x00000000a7400000, 0x00000000e0000000)
  object space 118784K, 41% used [0x00000000a0000000,0x00000000a307ed40,0x00000000a7400000)
 Metaspace       used 83494K, capacity 87936K, committed 88084K, reserved 1126400K
  class space    used 10856K, capacity 11779K, committed 11836K, reserved 1048576K
}

